\BOOKMARK [0][-]{chapter.1}{Introduction}{}% 1
\BOOKMARK [1][-]{section.1.1}{Conduction}{chapter.1}% 2
\BOOKMARK [1][-]{section.1.2}{Convection}{chapter.1}% 3
\BOOKMARK [1][-]{section.1.3}{Radiation}{chapter.1}% 4
\BOOKMARK [1][-]{section.1.4}{Heat diffusion equation for a cylindrical rod}{chapter.1}% 5
\BOOKMARK [0][-]{chapter.2}{Method}{}% 6
\BOOKMARK [1][-]{section.2.1}{Experimental setup}{chapter.2}% 7
\BOOKMARK [1][-]{section.2.2}{Calibration}{chapter.2}% 8
\BOOKMARK [1][-]{section.2.3}{Data acquisition}{chapter.2}% 9
\BOOKMARK [0][-]{chapter.3}{Simulation and optimization}{}% 10
\BOOKMARK [1][-]{section.3.1}{One-dimensional explicit-step simulation}{chapter.3}% 11
\BOOKMARK [1][-]{section.3.2}{Optimization of one-dimensional simulation}{chapter.3}% 12
\BOOKMARK [1][-]{section.3.3}{High-level simulation}{chapter.3}% 13
\BOOKMARK [0][-]{chapter.4}{Results}{}% 14
\BOOKMARK [0][-]{chapter.5}{Analysis}{}% 15
\BOOKMARK [1][-]{section.5.1}{Quality of optimization}{chapter.5}% 16
\BOOKMARK [1][-]{section.5.2}{Explanation of results}{chapter.5}% 17
\BOOKMARK [1][-]{section.5.3}{Uncertainty}{chapter.5}% 18
\BOOKMARK [0][-]{chapter.6}{Conclusion and Summary}{}% 19
\BOOKMARK [0][-]{appendix.A}{Explicit Method of Finite differencing}{}% 20
\BOOKMARK [0][-]{appendix.B}{Group member roles}{}% 21
